<?xml version="1.0" encoding="UTF-8"?>
<!-- Generated by org.testng.reporters.JUnitReportReporter -->
<testsuite skipped="0" hostname="MAHESHBA01" name="Test_GitIntegration.Test_GitIntegration.Google_Search" tests="2" failures="0" timestamp="02 May 2018 10:03:17 GMT" time="4.649" errors="0">
  <testcase name="assertTest" time="0.000" classname="Test_GitIntegration.Test_GitIntegration.Google_Search"/>
  <testcase name="google_Search" time="4.649" classname="Test_GitIntegration.Test_GitIntegration.Google_Search"/>
</testsuite> <!-- Test_GitIntegration.Test_GitIntegration.Google_Search -->
