<?xml version="1.0" encoding="UTF-8"?>
<!-- Generated by org.testng.reporters.JUnitReportReporter -->
<testsuite skipped="0" hostname="MAHESHBA01" name="Test_GitIntegration.Test_GitIntegration.Google_Search" tests="1" failures="0" timestamp="02 May 2018 09:40:19 GMT" time="6.549" errors="0">
  <testcase name="google_Search" time="6.549" classname="Test_GitIntegration.Test_GitIntegration.Google_Search"/>
</testsuite> <!-- Test_GitIntegration.Test_GitIntegration.Google_Search -->
