<?xml version="1.0" encoding="UTF-8"?>
<!-- Generated by org.testng.reporters.JUnitReportReporter -->
<testsuite skipped="0" hostname="MAHESHBA01" name="Test_GitIntegration.Test_GitIntegration.Google_Search" tests="1" failures="0" timestamp="30 Apr 2018 10:34:30 GMT" time="4.482" errors="0">
  <testcase name="google_Search" time="4.482" classname="Test_GitIntegration.Test_GitIntegration.Google_Search"/>
</testsuite> <!-- Test_GitIntegration.Test_GitIntegration.Google_Search -->
